This file contains any messages produced by compilers while
running configure, to aid debugging if configure makes a mistake.

It was created by pinentry configure 0.8.0, which was
generated by GNU Autoconf 2.65.  Invocation command line was

  $ ./configure --with-libiconv-prefix=/usr/local

## --------- ##
## Platform. ##
## --------- ##

hostname = macfelix.fritz.box
uname -m = i386
uname -r = 10.4.0
uname -s = Darwin
uname -v = Darwin Kernel Version 10.4.0: Fri Apr 23 18:28:53 PDT 2010; root:xnu-1504.7.4~1/RELEASE_I386

/usr/bin/uname -p = i386
/bin/uname -X     = unknown

/bin/arch              = unknown
/usr/bin/arch -k       = unknown
/usr/convex/getsysinfo = unknown
/usr/bin/hostinfo      = Mach kernel version:
	 Darwin Kernel Version 10.4.0: Fri Apr 23 18:28:53 PDT 2010; root:xnu-1504.7.4~1/RELEASE_I386
Kernel configured for up to 2 processors.
2 processors are physically available.
2 processors are logically available.
Processor type: i486 (Intel 80486)
Processors active: 0 1
Primary memory available: 4.00 gigabytes
Default processor set: 102 tasks, 498 threads, 2 processors
Load average: 0.45, Mach factor: 1.54
/bin/machine           = unknown
/usr/bin/oslevel       = unknown
/bin/universe          = unknown

PATH: /usr/bin
PATH: /bin
PATH: /usr/sbin
PATH: /sbin
PATH: /usr/local/bin
PATH: /usr/local/git/bin
PATH: /usr/texbin
PATH: /usr/X11/bin


## ----------- ##
## Core tests. ##
## ----------- ##

configure:2455: checking for a BSD-compatible install
configure:2523: result: /usr/bin/install -c
configure:2534: checking whether build environment is sane
configure:2584: result: yes
configure:2725: checking for a thread-safe mkdir -p
configure:2764: result: ./install-sh -c -d
configure:2777: checking for gawk
configure:2807: result: no
configure:2777: checking for mawk
configure:2807: result: no
configure:2777: checking for nawk
configure:2807: result: no
configure:2777: checking for awk
configure:2793: found /usr/bin/awk
configure:2804: result: awk
configure:2815: checking whether make sets $(MAKE)
configure:2837: result: yes
configure:2930: checking for style of include used by make
configure:2958: result: GNU
configure:3028: checking for gcc
configure:3044: found /usr/bin/gcc
configure:3055: result: gcc
configure:3284: checking for C compiler version
configure:3293: gcc --version >&5
i686-apple-darwin10-gcc-4.2.1 (GCC) 4.2.1 (Apple Inc. build 5664)
Copyright (C) 2007 Free Software Foundation, Inc.
This is free software; see the source for copying conditions.  There is NO
warranty; not even for MERCHANTABILITY or FITNESS FOR A PARTICULAR PURPOSE.

configure:3304: $? = 0
configure:3293: gcc -v >&5
Using built-in specs.
Target: i686-apple-darwin10
Configured with: /var/tmp/gcc/gcc-5664~105/src/configure --disable-checking --enable-werror --prefix=/usr --mandir=/share/man --enable-languages=c,objc,c++,obj-c++ --program-transform-name=/^[cg][^.-]*$/s/$/-4.2/ --with-slibdir=/usr/lib --build=i686-apple-darwin10 --program-prefix=i686-apple-darwin10- --host=x86_64-apple-darwin10 --target=i686-apple-darwin10 --with-gxx-include-dir=/include/c++/4.2.1
Thread model: posix
gcc version 4.2.1 (Apple Inc. build 5664)
configure:3304: $? = 0
configure:3293: gcc -V >&5
gcc-4.2: argument to `-V' is missing
configure:3304: $? = 1
configure:3293: gcc -qversion >&5
i686-apple-darwin10-gcc-4.2.1: no input files
configure:3304: $? = 1
configure:3324: checking whether the C compiler works
configure:3346: gcc    conftest.c  >&5
configure:3350: $? = 0
configure:3399: result: yes
configure:3402: checking for C compiler default output file name
configure:3404: result: a.out
configure:3410: checking for suffix of executables
configure:3417: gcc -o conftest    conftest.c  >&5
configure:3421: $? = 0
configure:3443: result: 
configure:3465: checking whether we are cross compiling
configure:3473: gcc -o conftest    conftest.c  >&5
configure:3477: $? = 0
configure:3484: ./conftest
configure:3488: $? = 0
configure:3503: result: no
configure:3508: checking for suffix of object files
configure:3530: gcc -c   conftest.c >&5
configure:3534: $? = 0
configure:3555: result: o
configure:3559: checking whether we are using the GNU C compiler
configure:3578: gcc -c   conftest.c >&5
configure:3578: $? = 0
configure:3587: result: yes
configure:3596: checking whether gcc accepts -g
configure:3616: gcc -c -g  conftest.c >&5
configure:3616: $? = 0
configure:3657: result: yes
configure:3674: checking for gcc option to accept ISO C89
configure:3738: gcc  -c -g -O2  conftest.c >&5
configure:3738: $? = 0
configure:3751: result: none needed
configure:3773: checking dependency style of gcc
configure:3883: result: gcc3
configure:3904: checking how to run the C preprocessor
configure:3935: gcc -E  conftest.c
configure:3935: $? = 0
configure:3949: gcc -E  conftest.c
conftest.c:11:28: error: ac_nonexistent.h: No such file or directory
configure:3949: $? = 1
configure: failed program was:
| /* confdefs.h */
| #define PACKAGE_NAME "pinentry"
| #define PACKAGE_TARNAME "pinentry"
| #define PACKAGE_VERSION "0.8.0"
| #define PACKAGE_STRING "pinentry 0.8.0"
| #define PACKAGE_BUGREPORT "gnupg-devel@gnupg.org"
| #define PACKAGE_URL ""
| #define PACKAGE "pinentry"
| #define VERSION "0.8.0"
| /* end confdefs.h.  */
| #include <ac_nonexistent.h>
configure:3974: result: gcc -E
configure:3994: gcc -E  conftest.c
configure:3994: $? = 0
configure:4008: gcc -E  conftest.c
conftest.c:11:28: error: ac_nonexistent.h: No such file or directory
configure:4008: $? = 1
configure: failed program was:
| /* confdefs.h */
| #define PACKAGE_NAME "pinentry"
| #define PACKAGE_TARNAME "pinentry"
| #define PACKAGE_VERSION "0.8.0"
| #define PACKAGE_STRING "pinentry 0.8.0"
| #define PACKAGE_BUGREPORT "gnupg-devel@gnupg.org"
| #define PACKAGE_URL ""
| #define PACKAGE "pinentry"
| #define VERSION "0.8.0"
| /* end confdefs.h.  */
| #include <ac_nonexistent.h>
configure:4037: checking for grep that handles long lines and -e
configure:4095: result: /usr/bin/grep
configure:4100: checking for egrep
configure:4162: result: /usr/bin/grep -E
configure:4167: checking for ANSI C header files
configure:4187: gcc -c -g -O2  conftest.c >&5
configure:4187: $? = 0
configure:4260: gcc -o conftest -g -O2   conftest.c  >&5
configure:4260: $? = 0
configure:4260: ./conftest
configure:4260: $? = 0
configure:4271: result: yes
configure:4284: checking for sys/types.h
configure:4284: gcc -c -g -O2  conftest.c >&5
configure:4284: $? = 0
configure:4284: result: yes
configure:4284: checking for sys/stat.h
configure:4284: gcc -c -g -O2  conftest.c >&5
configure:4284: $? = 0
configure:4284: result: yes
configure:4284: checking for stdlib.h
configure:4284: gcc -c -g -O2  conftest.c >&5
configure:4284: $? = 0
configure:4284: result: yes
configure:4284: checking for string.h
configure:4284: gcc -c -g -O2  conftest.c >&5
configure:4284: $? = 0
configure:4284: result: yes
configure:4284: checking for memory.h
configure:4284: gcc -c -g -O2  conftest.c >&5
configure:4284: $? = 0
configure:4284: result: yes
configure:4284: checking for strings.h
configure:4284: gcc -c -g -O2  conftest.c >&5
configure:4284: $? = 0
configure:4284: result: yes
configure:4284: checking for inttypes.h
configure:4284: gcc -c -g -O2  conftest.c >&5
configure:4284: $? = 0
configure:4284: result: yes
configure:4284: checking for stdint.h
configure:4284: gcc -c -g -O2  conftest.c >&5
configure:4284: $? = 0
configure:4284: result: yes
configure:4284: checking for unistd.h
configure:4284: gcc -c -g -O2  conftest.c >&5
configure:4284: $? = 0
configure:4284: result: yes
configure:4298: checking minix/config.h usability
configure:4298: gcc -c -g -O2  conftest.c >&5
conftest.c:54:26: error: minix/config.h: No such file or directory
configure:4298: $? = 1
configure: failed program was:
| /* confdefs.h */
| #define PACKAGE_NAME "pinentry"
| #define PACKAGE_TARNAME "pinentry"
| #define PACKAGE_VERSION "0.8.0"
| #define PACKAGE_STRING "pinentry 0.8.0"
| #define PACKAGE_BUGREPORT "gnupg-devel@gnupg.org"
| #define PACKAGE_URL ""
| #define PACKAGE "pinentry"
| #define VERSION "0.8.0"
| #define STDC_HEADERS 1
| #define HAVE_SYS_TYPES_H 1
| #define HAVE_SYS_STAT_H 1
| #define HAVE_STDLIB_H 1
| #define HAVE_STRING_H 1
| #define HAVE_MEMORY_H 1
| #define HAVE_STRINGS_H 1
| #define HAVE_INTTYPES_H 1
| #define HAVE_STDINT_H 1
| #define HAVE_UNISTD_H 1
| /* end confdefs.h.  */
| #include <stdio.h>
| #ifdef HAVE_SYS_TYPES_H
| # include <sys/types.h>
| #endif
| #ifdef HAVE_SYS_STAT_H
| # include <sys/stat.h>
| #endif
| #ifdef STDC_HEADERS
| # include <stdlib.h>
| # include <stddef.h>
| #else
| # ifdef HAVE_STDLIB_H
| #  include <stdlib.h>
| # endif
| #endif
| #ifdef HAVE_STRING_H
| # if !defined STDC_HEADERS && defined HAVE_MEMORY_H
| #  include <memory.h>
| # endif
| # include <string.h>
| #endif
| #ifdef HAVE_STRINGS_H
| # include <strings.h>
| #endif
| #ifdef HAVE_INTTYPES_H
| # include <inttypes.h>
| #endif
| #ifdef HAVE_STDINT_H
| # include <stdint.h>
| #endif
| #ifdef HAVE_UNISTD_H
| # include <unistd.h>
| #endif
| #include <minix/config.h>
configure:4298: result: no
configure:4298: checking minix/config.h presence
configure:4298: gcc -E  conftest.c
conftest.c:21:26: error: minix/config.h: No such file or directory
configure:4298: $? = 1
configure: failed program was:
| /* confdefs.h */
| #define PACKAGE_NAME "pinentry"
| #define PACKAGE_TARNAME "pinentry"
| #define PACKAGE_VERSION "0.8.0"
| #define PACKAGE_STRING "pinentry 0.8.0"
| #define PACKAGE_BUGREPORT "gnupg-devel@gnupg.org"
| #define PACKAGE_URL ""
| #define PACKAGE "pinentry"
| #define VERSION "0.8.0"
| #define STDC_HEADERS 1
| #define HAVE_SYS_TYPES_H 1
| #define HAVE_SYS_STAT_H 1
| #define HAVE_STDLIB_H 1
| #define HAVE_STRING_H 1
| #define HAVE_MEMORY_H 1
| #define HAVE_STRINGS_H 1
| #define HAVE_INTTYPES_H 1
| #define HAVE_STDINT_H 1
| #define HAVE_UNISTD_H 1
| /* end confdefs.h.  */
| #include <minix/config.h>
configure:4298: result: no
configure:4298: checking for minix/config.h
configure:4298: result: no
configure:4319: checking whether it is safe to define __EXTENSIONS__
configure:4337: gcc -c -g -O2  conftest.c >&5
configure:4337: $? = 0
configure:4344: result: yes
configure:4361: checking whether to enable maintainer-specific portions of Makefiles
configure:4370: result: no
configure:4388: checking build system type
configure:4402: result: i386-apple-darwin10.4.0
configure:4422: checking host system type
configure:4435: result: i386-apple-darwin10.4.0
configure:4520: checking for gcc
configure:4547: result: gcc
configure:4776: checking for C compiler version
configure:4785: gcc --version >&5
i686-apple-darwin10-gcc-4.2.1 (GCC) 4.2.1 (Apple Inc. build 5664)
Copyright (C) 2007 Free Software Foundation, Inc.
This is free software; see the source for copying conditions.  There is NO
warranty; not even for MERCHANTABILITY or FITNESS FOR A PARTICULAR PURPOSE.

configure:4796: $? = 0
configure:4785: gcc -v >&5
Using built-in specs.
Target: i686-apple-darwin10
Configured with: /var/tmp/gcc/gcc-5664~105/src/configure --disable-checking --enable-werror --prefix=/usr --mandir=/share/man --enable-languages=c,objc,c++,obj-c++ --program-transform-name=/^[cg][^.-]*$/s/$/-4.2/ --with-slibdir=/usr/lib --build=i686-apple-darwin10 --program-prefix=i686-apple-darwin10- --host=x86_64-apple-darwin10 --target=i686-apple-darwin10 --with-gxx-include-dir=/include/c++/4.2.1
Thread model: posix
gcc version 4.2.1 (Apple Inc. build 5664)
configure:4796: $? = 0
configure:4785: gcc -V >&5
gcc-4.2: argument to `-V' is missing
configure:4796: $? = 1
configure:4785: gcc -qversion >&5
i686-apple-darwin10-gcc-4.2.1: no input files
configure:4796: $? = 1
configure:4800: checking whether we are using the GNU C compiler
configure:4828: result: yes
configure:4837: checking whether gcc accepts -g
configure:4898: result: yes
configure:4915: checking for gcc option to accept ISO C89
configure:4992: result: none needed
configure:5014: checking dependency style of gcc
configure:5124: result: gcc3
configure:5144: checking how to run the C preprocessor
configure:5214: result: gcc -E
configure:5234: gcc -E  conftest.c
configure:5234: $? = 0
configure:5248: gcc -E  conftest.c
conftest.c:26:28: error: ac_nonexistent.h: No such file or directory
configure:5248: $? = 1
configure: failed program was:
| /* confdefs.h */
| #define PACKAGE_NAME "pinentry"
| #define PACKAGE_TARNAME "pinentry"
| #define PACKAGE_VERSION "0.8.0"
| #define PACKAGE_STRING "pinentry 0.8.0"
| #define PACKAGE_BUGREPORT "gnupg-devel@gnupg.org"
| #define PACKAGE_URL ""
| #define PACKAGE "pinentry"
| #define VERSION "0.8.0"
| #define STDC_HEADERS 1
| #define HAVE_SYS_TYPES_H 1
| #define HAVE_SYS_STAT_H 1
| #define HAVE_STDLIB_H 1
| #define HAVE_STRING_H 1
| #define HAVE_MEMORY_H 1
| #define HAVE_STRINGS_H 1
| #define HAVE_INTTYPES_H 1
| #define HAVE_STDINT_H 1
| #define HAVE_UNISTD_H 1
| #define __EXTENSIONS__ 1
| #define _ALL_SOURCE 1
| #define _GNU_SOURCE 1
| #define _POSIX_PTHREAD_SEMANTICS 1
| #define _TANDEM_SOURCE 1
| /* end confdefs.h.  */
| #include <ac_nonexistent.h>
configure:5320: checking for ranlib
configure:5336: found /usr/bin/ranlib
configure:5347: result: ranlib
configure:5429: checking for g++
configure:5445: found /usr/bin/g++
configure:5456: result: g++
configure:5483: checking for C++ compiler version
configure:5492: g++ --version >&5
i686-apple-darwin10-g++-4.2.1 (GCC) 4.2.1 (Apple Inc. build 5664)
Copyright (C) 2007 Free Software Foundation, Inc.
This is free software; see the source for copying conditions.  There is NO
warranty; not even for MERCHANTABILITY or FITNESS FOR A PARTICULAR PURPOSE.

configure:5503: $? = 0
configure:5492: g++ -v >&5
Using built-in specs.
Target: i686-apple-darwin10
Configured with: /var/tmp/gcc/gcc-5664~105/src/configure --disable-checking --enable-werror --prefix=/usr --mandir=/share/man --enable-languages=c,objc,c++,obj-c++ --program-transform-name=/^[cg][^.-]*$/s/$/-4.2/ --with-slibdir=/usr/lib --build=i686-apple-darwin10 --program-prefix=i686-apple-darwin10- --host=x86_64-apple-darwin10 --target=i686-apple-darwin10 --with-gxx-include-dir=/include/c++/4.2.1
Thread model: posix
gcc version 4.2.1 (Apple Inc. build 5664)
configure:5503: $? = 0
configure:5492: g++ -V >&5
g++-4.2: argument to `-V' is missing
configure:5503: $? = 1
configure:5492: g++ -qversion >&5
i686-apple-darwin10-g++-4.2.1: no input files
configure:5503: $? = 1
configure:5507: checking whether we are using the GNU C++ compiler
configure:5526: g++ -c   conftest.cpp >&5
configure:5526: $? = 0
configure:5535: result: yes
configure:5544: checking whether g++ accepts -g
configure:5564: g++ -c -g  conftest.cpp >&5
configure:5564: $? = 0
configure:5605: result: yes
configure:5630: checking dependency style of g++
configure:5740: result: gcc3
configure:5755: checking whether ln -s works
configure:5759: result: yes
configure:5809: checking for windres
configure:5839: result: no
configure:5923: checking if gcc supports -Wno-pointer-sign
configure:5938: gcc -c -Wno-pointer-sign  -Wall conftest.c >&5
configure:5938: $? = 0
configure:5944: result: yes
configure:5954: checking for ANSI C header files
configure:6058: result: yes
configure:6069: checking for string.h
configure:6069: result: yes
configure:6069: checking for unistd.h
configure:6069: result: yes
configure:6069: checking langinfo.h usability
configure:6069: gcc -c -g -O2 -Wall -Wcast-align -Wshadow -Wstrict-prototypes -Wno-pointer-sign  -Wall conftest.c >&5
configure:6069: $? = 0
configure:6069: result: yes
configure:6069: checking langinfo.h presence
configure:6069: gcc -E  -Wall conftest.c
configure:6069: $? = 0
configure:6069: result: yes
configure:6069: checking for langinfo.h
configure:6069: result: yes
configure:6069: checking termio.h usability
configure:6069: gcc -c -g -O2 -Wall -Wcast-align -Wshadow -Wstrict-prototypes -Wno-pointer-sign  -Wall conftest.c >&5
conftest.c:63:20: error: termio.h: No such file or directory
configure:6069: $? = 1
configure: failed program was:
| /* confdefs.h */
| #define PACKAGE_NAME "pinentry"
| #define PACKAGE_TARNAME "pinentry"
| #define PACKAGE_VERSION "0.8.0"
| #define PACKAGE_STRING "pinentry 0.8.0"
| #define PACKAGE_BUGREPORT "gnupg-devel@gnupg.org"
| #define PACKAGE_URL ""
| #define PACKAGE "pinentry"
| #define VERSION "0.8.0"
| #define STDC_HEADERS 1
| #define HAVE_SYS_TYPES_H 1
| #define HAVE_SYS_STAT_H 1
| #define HAVE_STDLIB_H 1
| #define HAVE_STRING_H 1
| #define HAVE_MEMORY_H 1
| #define HAVE_STRINGS_H 1
| #define HAVE_INTTYPES_H 1
| #define HAVE_STDINT_H 1
| #define HAVE_UNISTD_H 1
| #define __EXTENSIONS__ 1
| #define _ALL_SOURCE 1
| #define _GNU_SOURCE 1
| #define _POSIX_PTHREAD_SEMANTICS 1
| #define _TANDEM_SOURCE 1
| #define STDC_HEADERS 1
| #define HAVE_STRING_H 1
| #define HAVE_UNISTD_H 1
| #define HAVE_LANGINFO_H 1
| /* end confdefs.h.  */
| #include <stdio.h>
| #ifdef HAVE_SYS_TYPES_H
| # include <sys/types.h>
| #endif
| #ifdef HAVE_SYS_STAT_H
| # include <sys/stat.h>
| #endif
| #ifdef STDC_HEADERS
| # include <stdlib.h>
| # include <stddef.h>
| #else
| # ifdef HAVE_STDLIB_H
| #  include <stdlib.h>
| # endif
| #endif
| #ifdef HAVE_STRING_H
| # if !defined STDC_HEADERS && defined HAVE_MEMORY_H
| #  include <memory.h>
| # endif
| # include <string.h>
| #endif
| #ifdef HAVE_STRINGS_H
| # include <strings.h>
| #endif
| #ifdef HAVE_INTTYPES_H
| # include <inttypes.h>
| #endif
| #ifdef HAVE_STDINT_H
| # include <stdint.h>
| #endif
| #ifdef HAVE_UNISTD_H
| # include <unistd.h>
| #endif
| #include <termio.h>
configure:6069: result: no
configure:6069: checking termio.h presence
configure:6069: gcc -E  -Wall conftest.c
conftest.c:30:20: error: termio.h: No such file or directory
configure:6069: $? = 1
configure: failed program was:
| /* confdefs.h */
| #define PACKAGE_NAME "pinentry"
| #define PACKAGE_TARNAME "pinentry"
| #define PACKAGE_VERSION "0.8.0"
| #define PACKAGE_STRING "pinentry 0.8.0"
| #define PACKAGE_BUGREPORT "gnupg-devel@gnupg.org"
| #define PACKAGE_URL ""
| #define PACKAGE "pinentry"
| #define VERSION "0.8.0"
| #define STDC_HEADERS 1
| #define HAVE_SYS_TYPES_H 1
| #define HAVE_SYS_STAT_H 1
| #define HAVE_STDLIB_H 1
| #define HAVE_STRING_H 1
| #define HAVE_MEMORY_H 1
| #define HAVE_STRINGS_H 1
| #define HAVE_INTTYPES_H 1
| #define HAVE_STDINT_H 1
| #define HAVE_UNISTD_H 1
| #define __EXTENSIONS__ 1
| #define _ALL_SOURCE 1
| #define _GNU_SOURCE 1
| #define _POSIX_PTHREAD_SEMANTICS 1
| #define _TANDEM_SOURCE 1
| #define STDC_HEADERS 1
| #define HAVE_STRING_H 1
| #define HAVE_UNISTD_H 1
| #define HAVE_LANGINFO_H 1
| /* end confdefs.h.  */
| #include <termio.h>
configure:6069: result: no
configure:6069: checking for termio.h
configure:6069: result: no
configure:6069: checking locale.h usability
configure:6069: gcc -c -g -O2 -Wall -Wcast-align -Wshadow -Wstrict-prototypes -Wno-pointer-sign  -Wall conftest.c >&5
configure:6069: $? = 0
configure:6069: result: yes
configure:6069: checking locale.h presence
configure:6069: gcc -E  -Wall conftest.c
configure:6069: $? = 0
configure:6069: result: yes
configure:6069: checking for locale.h
configure:6069: result: yes
configure:6069: checking utime.h usability
configure:6069: gcc -c -g -O2 -Wall -Wcast-align -Wshadow -Wstrict-prototypes -Wno-pointer-sign  -Wall conftest.c >&5
configure:6069: $? = 0
configure:6069: result: yes
configure:6069: checking utime.h presence
configure:6069: gcc -E  -Wall conftest.c
configure:6069: $? = 0
configure:6069: result: yes
configure:6069: checking for utime.h
configure:6069: result: yes
configure:6084: checking for seteuid
configure:6084: gcc -o conftest -g -O2 -Wall -Wcast-align -Wshadow -Wstrict-prototypes -Wno-pointer-sign  -Wall  conftest.c  >&5
conftest.c:55: warning: function declaration isn't a prototype
conftest.c:65: warning: function declaration isn't a prototype
configure:6084: $? = 0
configure:6084: result: yes
configure:6084: checking for stpcpy
configure:6084: gcc -o conftest -g -O2 -Wall -Wcast-align -Wshadow -Wstrict-prototypes -Wno-pointer-sign  -Wall  conftest.c  >&5
conftest.c:56: warning: function declaration isn't a prototype
conftest.c:56: warning: conflicting types for built-in function 'stpcpy'
conftest.c:66: warning: function declaration isn't a prototype
configure:6084: $? = 0
configure:6084: result: yes
configure:6084: checking for mmap
configure:6084: gcc -o conftest -g -O2 -Wall -Wcast-align -Wshadow -Wstrict-prototypes -Wno-pointer-sign  -Wall  conftest.c  >&5
conftest.c:57: warning: function declaration isn't a prototype
conftest.c:67: warning: function declaration isn't a prototype
configure:6084: $? = 0
configure:6084: result: yes
configure:6096: checking for mlock
configure:6096: gcc -o conftest -g -O2 -Wall -Wcast-align -Wshadow -Wstrict-prototypes -Wno-pointer-sign  -Wall  conftest.c  >&5
conftest.c:58: warning: function declaration isn't a prototype
conftest.c:68: warning: function declaration isn't a prototype
configure:6096: $? = 0
configure:6096: result: yes
configure:6217: checking whether mlock is broken
configure:6256: gcc -o conftest -g -O2 -Wall -Wcast-align -Wshadow -Wstrict-prototypes -Wno-pointer-sign  -Wall  conftest.c  >&5
conftest.c:45: warning: function declaration isn't a prototype
configure:6256: $? = 0
configure:6256: ./conftest
configure:6256: $? = 0
configure:6287: result: no
configure:6299: checking for byte typedef
configure:6320: gcc -c -g -O2 -Wall -Wcast-align -Wshadow -Wstrict-prototypes -Wno-pointer-sign  -Wall conftest.c >&5
conftest.c:41: warning: function declaration isn't a prototype
conftest.c: In function 'main':
conftest.c:44: error: 'byte' undeclared (first use in this function)
conftest.c:44: error: (Each undeclared identifier is reported only once
conftest.c:44: error: for each function it appears in.)
conftest.c:44: warning: unused variable 'a'
configure:6320: $? = 1
configure: failed program was:
| /* confdefs.h */
| #define PACKAGE_NAME "pinentry"
| #define PACKAGE_TARNAME "pinentry"
| #define PACKAGE_VERSION "0.8.0"
| #define PACKAGE_STRING "pinentry 0.8.0"
| #define PACKAGE_BUGREPORT "gnupg-devel@gnupg.org"
| #define PACKAGE_URL ""
| #define PACKAGE "pinentry"
| #define VERSION "0.8.0"
| #define STDC_HEADERS 1
| #define HAVE_SYS_TYPES_H 1
| #define HAVE_SYS_STAT_H 1
| #define HAVE_STDLIB_H 1
| #define HAVE_STRING_H 1
| #define HAVE_MEMORY_H 1
| #define HAVE_STRINGS_H 1
| #define HAVE_INTTYPES_H 1
| #define HAVE_STDINT_H 1
| #define HAVE_UNISTD_H 1
| #define __EXTENSIONS__ 1
| #define _ALL_SOURCE 1
| #define _GNU_SOURCE 1
| #define _POSIX_PTHREAD_SEMANTICS 1
| #define _TANDEM_SOURCE 1
| #define STDC_HEADERS 1
| #define HAVE_STRING_H 1
| #define HAVE_UNISTD_H 1
| #define HAVE_LANGINFO_H 1
| #define HAVE_LOCALE_H 1
| #define HAVE_UTIME_H 1
| #define HAVE_SETEUID 1
| #define HAVE_STPCPY 1
| #define HAVE_MMAP 1
| #define HAVE_MLOCK 1
| /* end confdefs.h.  */
| #define _GNU_SOURCE 1
|     #include <stdlib.h>
|     #include <sys/types.h>
| int
| main ()
| {
| 
|     #undef byte
|     int a = sizeof(byte);
| 
|   ;
|   return 0;
| }
configure:6328: result: no
configure:6336: checking for ulong typedef
configure:6357: gcc -c -g -O2 -Wall -Wcast-align -Wshadow -Wstrict-prototypes -Wno-pointer-sign  -Wall conftest.c >&5
conftest.c:41: warning: function declaration isn't a prototype
conftest.c: In function 'main':
conftest.c:44: error: 'ulong' undeclared (first use in this function)
conftest.c:44: error: (Each undeclared identifier is reported only once
conftest.c:44: error: for each function it appears in.)
conftest.c:44: warning: unused variable 'a'
configure:6357: $? = 1
configure: failed program was:
| /* confdefs.h */
| #define PACKAGE_NAME "pinentry"
| #define PACKAGE_TARNAME "pinentry"
| #define PACKAGE_VERSION "0.8.0"
| #define PACKAGE_STRING "pinentry 0.8.0"
| #define PACKAGE_BUGREPORT "gnupg-devel@gnupg.org"
| #define PACKAGE_URL ""
| #define PACKAGE "pinentry"
| #define VERSION "0.8.0"
| #define STDC_HEADERS 1
| #define HAVE_SYS_TYPES_H 1
| #define HAVE_SYS_STAT_H 1
| #define HAVE_STDLIB_H 1
| #define HAVE_STRING_H 1
| #define HAVE_MEMORY_H 1
| #define HAVE_STRINGS_H 1
| #define HAVE_INTTYPES_H 1
| #define HAVE_STDINT_H 1
| #define HAVE_UNISTD_H 1
| #define __EXTENSIONS__ 1
| #define _ALL_SOURCE 1
| #define _GNU_SOURCE 1
| #define _POSIX_PTHREAD_SEMANTICS 1
| #define _TANDEM_SOURCE 1
| #define STDC_HEADERS 1
| #define HAVE_STRING_H 1
| #define HAVE_UNISTD_H 1
| #define HAVE_LANGINFO_H 1
| #define HAVE_LOCALE_H 1
| #define HAVE_UTIME_H 1
| #define HAVE_SETEUID 1
| #define HAVE_STPCPY 1
| #define HAVE_MMAP 1
| #define HAVE_MLOCK 1
| /* end confdefs.h.  */
| #define _GNU_SOURCE 1
|     #include <stdlib.h>
|     #include <sys/types.h>
| int
| main ()
| {
| 
|     #undef ulong
|     int a = sizeof(ulong);
| 
|   ;
|   return 0;
| }
configure:6365: result: no
configure:6384: checking for setcap
configure:6416: result: :
configure:6424: checking for cap_set_proc in -lcap
configure:6449: gcc -o conftest -g -O2 -Wall -Wcast-align -Wshadow -Wstrict-prototypes -Wno-pointer-sign  -Wall  conftest.c -lcap   >&5
conftest.c:43: warning: function declaration isn't a prototype
conftest.c:46: warning: function declaration isn't a prototype
ld: library not found for -lcap
collect2: ld returned 1 exit status
configure:6449: $? = 1
configure: failed program was:
| /* confdefs.h */
| #define PACKAGE_NAME "pinentry"
| #define PACKAGE_TARNAME "pinentry"
| #define PACKAGE_VERSION "0.8.0"
| #define PACKAGE_STRING "pinentry 0.8.0"
| #define PACKAGE_BUGREPORT "gnupg-devel@gnupg.org"
| #define PACKAGE_URL ""
| #define PACKAGE "pinentry"
| #define VERSION "0.8.0"
| #define STDC_HEADERS 1
| #define HAVE_SYS_TYPES_H 1
| #define HAVE_SYS_STAT_H 1
| #define HAVE_STDLIB_H 1
| #define HAVE_STRING_H 1
| #define HAVE_MEMORY_H 1
| #define HAVE_STRINGS_H 1
| #define HAVE_INTTYPES_H 1
| #define HAVE_STDINT_H 1
| #define HAVE_UNISTD_H 1
| #define __EXTENSIONS__ 1
| #define _ALL_SOURCE 1
| #define _GNU_SOURCE 1
| #define _POSIX_PTHREAD_SEMANTICS 1
| #define _TANDEM_SOURCE 1
| #define STDC_HEADERS 1
| #define HAVE_STRING_H 1
| #define HAVE_UNISTD_H 1
| #define HAVE_LANGINFO_H 1
| #define HAVE_LOCALE_H 1
| #define HAVE_UTIME_H 1
| #define HAVE_SETEUID 1
| #define HAVE_STPCPY 1
| #define HAVE_MMAP 1
| #define HAVE_MLOCK 1
| /* end confdefs.h.  */
| 
| /* Override any GCC internal prototype to avoid an error.
|    Use char because int might match the return type of a GCC
|    builtin and then its argument prototype would still apply.  */
| #ifdef __cplusplus
| extern "C"
| #endif
| char cap_set_proc ();
| int
| main ()
| {
| return cap_set_proc ();
|   ;
|   return 0;
| }
configure:6458: result: no
configure:6497: checking for initscr in -lncurses
configure:6522: gcc -o conftest -g -O2 -Wall -Wcast-align -Wshadow -Wstrict-prototypes -Wno-pointer-sign  -Wall  conftest.c -lncurses   >&5
conftest.c:43: warning: function declaration isn't a prototype
conftest.c:46: warning: function declaration isn't a prototype
configure:6522: $? = 0
configure:6531: result: yes
configure:6558: checking for ncurses include dir
configure:6572: result: none
configure:6912: checking for glib-config
configure:6943: result: no
configure:6952: checking for GLIB - version >= 1.2.0
configure:7069: result: no
configure:7485: checking for ld used by GCC
configure:7549: result: /usr/libexec/gcc/i686-apple-darwin10/4.2.1/ld
configure:7556: checking if the linker (/usr/libexec/gcc/i686-apple-darwin10/4.2.1/ld) is GNU ld
configure:7569: result: no
configure:7576: checking for shared library run path origin
configure:7589: result: done
configure:8097: checking for iconv
configure:8119: gcc -o conftest -g -O2 -Wall -Wcast-align -Wshadow -Wstrict-prototypes -Wno-pointer-sign  -Wall  conftest.c  >&5
conftest.c:42: warning: function declaration isn't a prototype
Undefined symbols:
  "_iconv_close", referenced from:
      _main in ccSyfPDm.o
  "_iconv", referenced from:
      _main in ccSyfPDm.o
  "_iconv_open", referenced from:
      _main in ccSyfPDm.o
ld: symbol(s) not found
collect2: ld returned 1 exit status
configure:8119: $? = 1
configure: failed program was:
| /* confdefs.h */
| #define PACKAGE_NAME "pinentry"
| #define PACKAGE_TARNAME "pinentry"
| #define PACKAGE_VERSION "0.8.0"
| #define PACKAGE_STRING "pinentry 0.8.0"
| #define PACKAGE_BUGREPORT "gnupg-devel@gnupg.org"
| #define PACKAGE_URL ""
| #define PACKAGE "pinentry"
| #define VERSION "0.8.0"
| #define STDC_HEADERS 1
| #define HAVE_SYS_TYPES_H 1
| #define HAVE_SYS_STAT_H 1
| #define HAVE_STDLIB_H 1
| #define HAVE_STRING_H 1
| #define HAVE_MEMORY_H 1
| #define HAVE_STRINGS_H 1
| #define HAVE_INTTYPES_H 1
| #define HAVE_STDINT_H 1
| #define HAVE_UNISTD_H 1
| #define __EXTENSIONS__ 1
| #define _ALL_SOURCE 1
| #define _GNU_SOURCE 1
| #define _POSIX_PTHREAD_SEMANTICS 1
| #define _TANDEM_SOURCE 1
| #define STDC_HEADERS 1
| #define HAVE_STRING_H 1
| #define HAVE_UNISTD_H 1
| #define HAVE_LANGINFO_H 1
| #define HAVE_LOCALE_H 1
| #define HAVE_UTIME_H 1
| #define HAVE_SETEUID 1
| #define HAVE_STPCPY 1
| #define HAVE_MMAP 1
| #define HAVE_MLOCK 1
| #define FALLBACK_CURSES 1
| #define PINENTRY_CURSES 1
| /* end confdefs.h.  */
| #include <stdlib.h>
| #include <iconv.h>
| int
| main ()
| {
| iconv_t cd = iconv_open("","");
|        iconv(cd,NULL,NULL,NULL,NULL);
|        iconv_close(cd);
|   ;
|   return 0;
| }
configure:8141: gcc -o conftest -g -O2 -Wall -Wcast-align -Wshadow -Wstrict-prototypes -Wno-pointer-sign  -Wall  conftest.c  -liconv >&5
conftest.c:42: warning: function declaration isn't a prototype
configure:8141: $? = 0
configure:8151: result: yes
configure:8159: checking how to link with libiconv
configure:8161: result: -liconv
configure:8172: checking for iconv declaration
configure:8201: gcc -c -g -O2 -Wall -Wcast-align -Wshadow -Wstrict-prototypes -Wno-pointer-sign  -Wall conftest.c >&5
conftest.c:54: warning: function declaration isn't a prototype
configure:8201: $? = 0
configure:8212: result: install-shextern size_t iconv (iconv_t cd, char * *inbuf, size_t *inbytesleft, char * *outbuf, size_t *outbytesleft);
configure:8244: checking for pkg-config
configure:8275: result: no
configure:8452: checking for C++ compiler version
configure:8461: g++ --version >&5
i686-apple-darwin10-g++-4.2.1 (GCC) 4.2.1 (Apple Inc. build 5664)
Copyright (C) 2007 Free Software Foundation, Inc.
This is free software; see the source for copying conditions.  There is NO
warranty; not even for MERCHANTABILITY or FITNESS FOR A PARTICULAR PURPOSE.

configure:8472: $? = 0
configure:8461: g++ -v >&5
Using built-in specs.
Target: i686-apple-darwin10
Configured with: /var/tmp/gcc/gcc-5664~105/src/configure --disable-checking --enable-werror --prefix=/usr --mandir=/share/man --enable-languages=c,objc,c++,obj-c++ --program-transform-name=/^[cg][^.-]*$/s/$/-4.2/ --with-slibdir=/usr/lib --build=i686-apple-darwin10 --program-prefix=i686-apple-darwin10- --host=x86_64-apple-darwin10 --target=i686-apple-darwin10 --with-gxx-include-dir=/include/c++/4.2.1
Thread model: posix
gcc version 4.2.1 (Apple Inc. build 5664)
configure:8472: $? = 0
configure:8461: g++ -V >&5
g++-4.2: argument to `-V' is missing
configure:8472: $? = 1
configure:8461: g++ -qversion >&5
i686-apple-darwin10-g++-4.2.1: no input files
configure:8472: $? = 1
configure:8476: checking whether we are using the GNU C++ compiler
configure:8504: result: yes
configure:8513: checking whether g++ accepts -g
configure:8574: result: yes
configure:8599: checking dependency style of g++
configure:8709: result: gcc3
configure:8726: checking whether g++ supports -fexceptions
configure:8752: g++ -o conftest -g -O2 -fexceptions  -Wall  conftest.cpp  >&5
configure:8752: $? = 0
configure:8768: result: yes
configure:8880: checking how to run the C++ preprocessor
configure:8907: g++ -E  -Wall conftest.cpp
configure:8907: $? = 0
configure:8921: g++ -E  -Wall conftest.cpp
conftest.cpp:40:28: error: ac_nonexistent.h: No such file or directory
configure:8921: $? = 1
configure: failed program was:
| /* confdefs.h */
| #define PACKAGE_NAME "pinentry"
| #define PACKAGE_TARNAME "pinentry"
| #define PACKAGE_VERSION "0.8.0"
| #define PACKAGE_STRING "pinentry 0.8.0"
| #define PACKAGE_BUGREPORT "gnupg-devel@gnupg.org"
| #define PACKAGE_URL ""
| #define PACKAGE "pinentry"
| #define VERSION "0.8.0"
| #define STDC_HEADERS 1
| #define HAVE_SYS_TYPES_H 1
| #define HAVE_SYS_STAT_H 1
| #define HAVE_STDLIB_H 1
| #define HAVE_STRING_H 1
| #define HAVE_MEMORY_H 1
| #define HAVE_STRINGS_H 1
| #define HAVE_INTTYPES_H 1
| #define HAVE_STDINT_H 1
| #define HAVE_UNISTD_H 1
| #define __EXTENSIONS__ 1
| #define _ALL_SOURCE 1
| #define _GNU_SOURCE 1
| #define _POSIX_PTHREAD_SEMANTICS 1
| #define _TANDEM_SOURCE 1
| #define STDC_HEADERS 1
| #define HAVE_STRING_H 1
| #define HAVE_UNISTD_H 1
| #define HAVE_LANGINFO_H 1
| #define HAVE_LOCALE_H 1
| #define HAVE_UTIME_H 1
| #define HAVE_SETEUID 1
| #define HAVE_STPCPY 1
| #define HAVE_MMAP 1
| #define HAVE_MLOCK 1
| #define FALLBACK_CURSES 1
| #define PINENTRY_CURSES 1
| #define HAVE_ICONV 1
| #define ICONV_CONST 
| /* end confdefs.h.  */
| #include <ac_nonexistent.h>
configure:8946: result: g++ -E
configure:8966: g++ -E  -Wall conftest.cpp
configure:8966: $? = 0
configure:8980: g++ -E  -Wall conftest.cpp
conftest.cpp:40:28: error: ac_nonexistent.h: No such file or directory
configure:8980: $? = 1
configure: failed program was:
| /* confdefs.h */
| #define PACKAGE_NAME "pinentry"
| #define PACKAGE_TARNAME "pinentry"
| #define PACKAGE_VERSION "0.8.0"
| #define PACKAGE_STRING "pinentry 0.8.0"
| #define PACKAGE_BUGREPORT "gnupg-devel@gnupg.org"
| #define PACKAGE_URL ""
| #define PACKAGE "pinentry"
| #define VERSION "0.8.0"
| #define STDC_HEADERS 1
| #define HAVE_SYS_TYPES_H 1
| #define HAVE_SYS_STAT_H 1
| #define HAVE_STDLIB_H 1
| #define HAVE_STRING_H 1
| #define HAVE_MEMORY_H 1
| #define HAVE_STRINGS_H 1
| #define HAVE_INTTYPES_H 1
| #define HAVE_STDINT_H 1
| #define HAVE_UNISTD_H 1
| #define __EXTENSIONS__ 1
| #define _ALL_SOURCE 1
| #define _GNU_SOURCE 1
| #define _POSIX_PTHREAD_SEMANTICS 1
| #define _TANDEM_SOURCE 1
| #define STDC_HEADERS 1
| #define HAVE_STRING_H 1
| #define HAVE_UNISTD_H 1
| #define HAVE_LANGINFO_H 1
| #define HAVE_LOCALE_H 1
| #define HAVE_UTIME_H 1
| #define HAVE_SETEUID 1
| #define HAVE_STPCPY 1
| #define HAVE_MMAP 1
| #define HAVE_MLOCK 1
| #define FALLBACK_CURSES 1
| #define PINENTRY_CURSES 1
| #define HAVE_ICONV 1
| #define ICONV_CONST 
| /* end confdefs.h.  */
| #include <ac_nonexistent.h>
configure:9029: checking for X
configure:9137: gcc -E  -Wall conftest.c
configure:9137: $? = 0
configure:9168: gcc -o conftest -g -O2 -Wall -Wcast-align -Wshadow -Wstrict-prototypes -Wno-pointer-sign  -Wall  conftest.c -lX11  >&5
conftest.c:43: warning: function declaration isn't a prototype
ld: library not found for -lX11
collect2: ld returned 1 exit status
configure:9168: $? = 1
configure: failed program was:
| /* confdefs.h */
| #define PACKAGE_NAME "pinentry"
| #define PACKAGE_TARNAME "pinentry"
| #define PACKAGE_VERSION "0.8.0"
| #define PACKAGE_STRING "pinentry 0.8.0"
| #define PACKAGE_BUGREPORT "gnupg-devel@gnupg.org"
| #define PACKAGE_URL ""
| #define PACKAGE "pinentry"
| #define VERSION "0.8.0"
| #define STDC_HEADERS 1
| #define HAVE_SYS_TYPES_H 1
| #define HAVE_SYS_STAT_H 1
| #define HAVE_STDLIB_H 1
| #define HAVE_STRING_H 1
| #define HAVE_MEMORY_H 1
| #define HAVE_STRINGS_H 1
| #define HAVE_INTTYPES_H 1
| #define HAVE_STDINT_H 1
| #define HAVE_UNISTD_H 1
| #define __EXTENSIONS__ 1
| #define _ALL_SOURCE 1
| #define _GNU_SOURCE 1
| #define _POSIX_PTHREAD_SEMANTICS 1
| #define _TANDEM_SOURCE 1
| #define STDC_HEADERS 1
| #define HAVE_STRING_H 1
| #define HAVE_UNISTD_H 1
| #define HAVE_LANGINFO_H 1
| #define HAVE_LOCALE_H 1
| #define HAVE_UTIME_H 1
| #define HAVE_SETEUID 1
| #define HAVE_STPCPY 1
| #define HAVE_MMAP 1
| #define HAVE_MLOCK 1
| #define FALLBACK_CURSES 1
| #define PINENTRY_CURSES 1
| #define HAVE_ICONV 1
| #define ICONV_CONST 
| /* end confdefs.h.  */
| #include <X11/Xlib.h>
| int
| main ()
| {
| XrmInitialize ()
|   ;
|   return 0;
| }
configure:9218: result: libraries /usr/X11/lib, headers 
configure:9238: checking whether -R must be followed by a space
configure:9254: gcc -o conftest -g -O2 -Wall -Wcast-align -Wshadow -Wstrict-prototypes -Wno-pointer-sign  -Wall  conftest.c  -R/usr/X11/lib >&5
conftest.c:43: warning: function declaration isn't a prototype
configure:9254: $? = 0
configure: failed program was:
| /* confdefs.h */
| #define PACKAGE_NAME "pinentry"
| #define PACKAGE_TARNAME "pinentry"
| #define PACKAGE_VERSION "0.8.0"
| #define PACKAGE_STRING "pinentry 0.8.0"
| #define PACKAGE_BUGREPORT "gnupg-devel@gnupg.org"
| #define PACKAGE_URL ""
| #define PACKAGE "pinentry"
| #define VERSION "0.8.0"
| #define STDC_HEADERS 1
| #define HAVE_SYS_TYPES_H 1
| #define HAVE_SYS_STAT_H 1
| #define HAVE_STDLIB_H 1
| #define HAVE_STRING_H 1
| #define HAVE_MEMORY_H 1
| #define HAVE_STRINGS_H 1
| #define HAVE_INTTYPES_H 1
| #define HAVE_STDINT_H 1
| #define HAVE_UNISTD_H 1
| #define __EXTENSIONS__ 1
| #define _ALL_SOURCE 1
| #define _GNU_SOURCE 1
| #define _POSIX_PTHREAD_SEMANTICS 1
| #define _TANDEM_SOURCE 1
| #define STDC_HEADERS 1
| #define HAVE_STRING_H 1
| #define HAVE_UNISTD_H 1
| #define HAVE_LANGINFO_H 1
| #define HAVE_LOCALE_H 1
| #define HAVE_UTIME_H 1
| #define HAVE_SETEUID 1
| #define HAVE_STPCPY 1
| #define HAVE_MMAP 1
| #define HAVE_MLOCK 1
| #define FALLBACK_CURSES 1
| #define PINENTRY_CURSES 1
| #define HAVE_ICONV 1
| #define ICONV_CONST 
| /* end confdefs.h.  */
| 
| int
| main ()
| {
| 
|   ;
|   return 0;
| }
configure:9271: gcc -o conftest -g -O2 -Wall -Wcast-align -Wshadow -Wstrict-prototypes -Wno-pointer-sign  -Wall  conftest.c  -R /usr/X11/lib >&5
conftest.c:43: warning: function declaration isn't a prototype
ld: in /usr/X11/lib, can't map file, errno=22
collect2: ld returned 1 exit status
configure:9271: $? = 1
configure: failed program was:
| /* confdefs.h */
| #define PACKAGE_NAME "pinentry"
| #define PACKAGE_TARNAME "pinentry"
| #define PACKAGE_VERSION "0.8.0"
| #define PACKAGE_STRING "pinentry 0.8.0"
| #define PACKAGE_BUGREPORT "gnupg-devel@gnupg.org"
| #define PACKAGE_URL ""
| #define PACKAGE "pinentry"
| #define VERSION "0.8.0"
| #define STDC_HEADERS 1
| #define HAVE_SYS_TYPES_H 1
| #define HAVE_SYS_STAT_H 1
| #define HAVE_STDLIB_H 1
| #define HAVE_STRING_H 1
| #define HAVE_MEMORY_H 1
| #define HAVE_STRINGS_H 1
| #define HAVE_INTTYPES_H 1
| #define HAVE_STDINT_H 1
| #define HAVE_UNISTD_H 1
| #define __EXTENSIONS__ 1
| #define _ALL_SOURCE 1
| #define _GNU_SOURCE 1
| #define _POSIX_PTHREAD_SEMANTICS 1
| #define _TANDEM_SOURCE 1
| #define STDC_HEADERS 1
| #define HAVE_STRING_H 1
| #define HAVE_UNISTD_H 1
| #define HAVE_LANGINFO_H 1
| #define HAVE_LOCALE_H 1
| #define HAVE_UTIME_H 1
| #define HAVE_SETEUID 1
| #define HAVE_STPCPY 1
| #define HAVE_MMAP 1
| #define HAVE_MLOCK 1
| #define FALLBACK_CURSES 1
| #define PINENTRY_CURSES 1
| #define HAVE_ICONV 1
| #define ICONV_CONST 
| /* end confdefs.h.  */
| 
| int
| main ()
| {
| 
|   ;
|   return 0;
| }
configure:9276: result: neither works
configure:9317: gcc -o conftest -g -O2 -Wall -Wcast-align -Wshadow -Wstrict-prototypes -Wno-pointer-sign  -Wall  conftest.c   -L/usr/X11/lib -lX11 >&5
conftest.c:47: warning: function declaration isn't a prototype
conftest.c:50: warning: function declaration isn't a prototype
configure:9317: $? = 0
configure:9415: checking for gethostbyname
configure:9415: gcc -o conftest -g -O2 -Wall -Wcast-align -Wshadow -Wstrict-prototypes -Wno-pointer-sign  -Wall  conftest.c  >&5
conftest.c:63: warning: function declaration isn't a prototype
conftest.c:73: warning: function declaration isn't a prototype
configure:9415: $? = 0
configure:9415: result: yes
configure:9512: checking for connect
configure:9512: gcc -o conftest -g -O2 -Wall -Wcast-align -Wshadow -Wstrict-prototypes -Wno-pointer-sign  -Wall  conftest.c  >&5
conftest.c:63: warning: function declaration isn't a prototype
conftest.c:73: warning: function declaration isn't a prototype
configure:9512: $? = 0
configure:9512: result: yes
configure:9561: checking for remove
configure:9561: gcc -o conftest -g -O2 -Wall -Wcast-align -Wshadow -Wstrict-prototypes -Wno-pointer-sign  -Wall  conftest.c  >&5
conftest.c:63: warning: function declaration isn't a prototype
conftest.c:73: warning: function declaration isn't a prototype
configure:9561: $? = 0
configure:9561: result: yes
configure:9610: checking for shmat
configure:9610: gcc -o conftest -g -O2 -Wall -Wcast-align -Wshadow -Wstrict-prototypes -Wno-pointer-sign  -Wall  conftest.c  >&5
conftest.c:63: warning: function declaration isn't a prototype
conftest.c:73: warning: function declaration isn't a prototype
configure:9610: $? = 0
configure:9610: result: yes
configure:9668: checking for IceConnectionNumber in -lICE
configure:9693: gcc -o conftest -g -O2 -Wall -Wcast-align -Wshadow -Wstrict-prototypes -Wno-pointer-sign  -Wall  -L/usr/X11/lib conftest.c -lICE   >&5
conftest.c:47: warning: function declaration isn't a prototype
conftest.c:50: warning: function declaration isn't a prototype
configure:9693: $? = 0
configure:9702: result: yes
configure:9793: checking for pthread_create in -lpthread
configure:9818: gcc -o conftest -g -O2 -Wall -Wcast-align -Wshadow -Wstrict-prototypes -Wno-pointer-sign  -Wall  conftest.c -lpthread   >&5
conftest.c:47: warning: function declaration isn't a prototype
conftest.c:50: warning: function declaration isn't a prototype
configure:9818: $? = 0
configure:9827: result: yes
configure:10151: checking for Qt
configure: 10216: /usr/lib/qt3/include/qstyle.h
configure: 10216: /usr/lib/qt3/qstyle.h
configure: 10216: /usr/lib/qt/include/qstyle.h
configure: 10216: /usr/lib/qt/qstyle.h
configure: 10216: /usr/local/qt/include/qstyle.h
configure: 10216: /usr/include/qstyle.h
configure: 10216: /usr/X11R6/include/X11/qt/qstyle.h
configure: 10216: /usr/X11R6/include/qt/qstyle.h
configure: 10216: /usr/X11R6/include/qt2/qstyle.h
configure: 10216: /usr/include/qt3/qstyle.h
tried NO
tried /usr/lib/qt3/lib
tried /usr/lib/qt3
tried /usr/lib/qt/lib
tried /usr/lib/qt
tried /usr/X11R6/lib
tried /usr/lib
tried /usr/local/qt/lib
tried /usr/X11/lib
configure:10323: g++ -o conftest -g -O2 -INO  -DQT_THREAD_SUPPORT   -Wall  -LNONE  -L/usr/X11/lib conftest.cpp  -lqt-mt  -lSM -lICE -lXext -lX11  -lpthread >&5
conftest.cpp:2:21: error: qglobal.h: No such file or directory
conftest.cpp:3:26: error: qapplication.h: No such file or directory
conftest.cpp:4:21: error: qcursor.h: No such file or directory
conftest.cpp:5:27: error: qstylefactory.h: No such file or directory
conftest.cpp:6:34: error: private/qucomextra_p.h: No such file or directory
conftest.cpp:8:2: error: #error 1
conftest.cpp: In function 'int main()':
conftest.cpp:12: error: 'QStyleFactory' was not declared in this scope
conftest.cpp:12: error: expected `;' before '::' token
conftest.cpp:13: error: 'QCursor' was not declared in this scope
conftest.cpp:13: error: expected `;' before 'c'
configure:10326: $? = 1
configure: failed program was:
#include "confdefs.h"
#include <qglobal.h>
#include <qapplication.h>
#include <qcursor.h>
#include <qstylefactory.h>
#include <private/qucomextra_p.h>
#if ! (QT_VERSION >= 301)
#error 1
#endif

int main() {
    (void)QStyleFactory::create(QString::null);
    QCursor c(Qt::WhatsThisCursor);
    return 0;
}
configure:10378: result: no
configure:10417: checking for moc
configure:10448: result: no
configure:10476: checking for rpath
configure:10498: result: yes
configure:10666: checking pkg-config is at least version 0.9.0
configure:10672: result: no
configure:10680: checking for QT4_CORE
configure:11097: creating ./config.status

## ---------------------- ##
## Running config.status. ##
## ---------------------- ##

This file was extended by pinentry config.status 0.8.0, which was
generated by GNU Autoconf 2.65.  Invocation command line was

  CONFIG_FILES    = 
  CONFIG_HEADERS  = 
  CONFIG_LINKS    = 
  CONFIG_COMMANDS = 
  $ ./config.status 

on macfelix.fritz.box

config.status:963: creating assuan/Makefile
config.status:963: creating secmem/Makefile
config.status:963: creating pinentry/Makefile
config.status:963: creating curses/Makefile
config.status:963: creating gtk/Makefile
config.status:963: creating gtk+-2/Makefile
config.status:963: creating qt/Makefile
config.status:963: creating qt4/Makefile
config.status:963: creating w32/Makefile
config.status:963: creating doc/Makefile
config.status:963: creating Makefile
config.status:963: creating config.h
config.status:1183: executing depfiles commands
configure:12433:
	Pinentry v0.8.0 has been configured as follows:

	Curses Pinentry: yes
	GTK+ Pinentry: no
	GTK+-2 Pinentry: no
	Qt Pinentry: no
	Qt4 Pinentry: no
        W32 Pinentry: no

	Fallback to Curses: yes

	Default Pinentry: pinentry-curses


## ---------------- ##
## Cache variables. ##
## ---------------- ##

ac_cv_build=i386-apple-darwin10.4.0
ac_cv_c_compiler_gnu=yes
ac_cv_cxx_compiler_gnu=yes
ac_cv_env_CCC_set=
ac_cv_env_CCC_value=
ac_cv_env_CC_set=
ac_cv_env_CC_value=
ac_cv_env_CFLAGS_set=
ac_cv_env_CFLAGS_value=
ac_cv_env_CPPFLAGS_set=
ac_cv_env_CPPFLAGS_value=
ac_cv_env_CPP_set=
ac_cv_env_CPP_value=
ac_cv_env_CXXCPP_set=
ac_cv_env_CXXCPP_value=
ac_cv_env_CXXFLAGS_set=
ac_cv_env_CXXFLAGS_value=
ac_cv_env_CXX_set=
ac_cv_env_CXX_value=
ac_cv_env_LDFLAGS_set=
ac_cv_env_LDFLAGS_value=
ac_cv_env_LIBS_set=
ac_cv_env_LIBS_value=
ac_cv_env_PKG_CONFIG_set=
ac_cv_env_PKG_CONFIG_value=
ac_cv_env_QT4_CORE_CFLAGS_set=
ac_cv_env_QT4_CORE_CFLAGS_value=
ac_cv_env_QT4_CORE_LIBS_set=
ac_cv_env_QT4_CORE_LIBS_value=
ac_cv_env_QT4_GUI_CFLAGS_set=
ac_cv_env_QT4_GUI_CFLAGS_value=
ac_cv_env_QT4_GUI_LIBS_set=
ac_cv_env_QT4_GUI_LIBS_value=
ac_cv_env_XMKMF_set=
ac_cv_env_XMKMF_value=
ac_cv_env_build_alias_set=
ac_cv_env_build_alias_value=
ac_cv_env_host_alias_set=
ac_cv_env_host_alias_value=
ac_cv_env_target_alias_set=
ac_cv_env_target_alias_value=
ac_cv_func_connect=yes
ac_cv_func_gethostbyname=yes
ac_cv_func_mlock=yes
ac_cv_func_mmap=yes
ac_cv_func_remove=yes
ac_cv_func_seteuid=yes
ac_cv_func_shmat=yes
ac_cv_func_stpcpy=yes
ac_cv_have_qt=have_qt=no
ac_cv_have_x='have_x=yes	ac_x_includes='\'''\''	ac_x_libraries='\''/usr/X11/lib'\'''
ac_cv_header_inttypes_h=yes
ac_cv_header_langinfo_h=yes
ac_cv_header_locale_h=yes
ac_cv_header_memory_h=yes
ac_cv_header_minix_config_h=no
ac_cv_header_stdc=yes
ac_cv_header_stdint_h=yes
ac_cv_header_stdlib_h=yes
ac_cv_header_string_h=yes
ac_cv_header_strings_h=yes
ac_cv_header_sys_stat_h=yes
ac_cv_header_sys_types_h=yes
ac_cv_header_termio_h=no
ac_cv_header_unistd_h=yes
ac_cv_header_utime_h=yes
ac_cv_host=i386-apple-darwin10.4.0
ac_cv_lib_ICE_IceConnectionNumber=yes
ac_cv_lib_cap_cap_set_proc=no
ac_cv_lib_ncurses_initscr=yes
ac_cv_lib_pthread_pthread_create=yes
ac_cv_objext=o
ac_cv_path_EGREP='/usr/bin/grep -E'
ac_cv_path_GLIB_CONFIG=no
ac_cv_path_GREP=/usr/bin/grep
ac_cv_path_MOC=no
ac_cv_path_PKG_CONFIG=no
ac_cv_path_SETCAP=:
ac_cv_path_install='/usr/bin/install -c'
ac_cv_prog_AWK=awk
ac_cv_prog_CPP='gcc -E'
ac_cv_prog_CXXCPP='g++ -E'
ac_cv_prog_ac_ct_CC=gcc
ac_cv_prog_ac_ct_CXX=g++
ac_cv_prog_ac_ct_RANLIB=ranlib
ac_cv_prog_cc_c89=
ac_cv_prog_cc_g=yes
ac_cv_prog_cxx_g=yes
ac_cv_prog_make_make_set=yes
ac_cv_safe_to_define___extensions__=yes
acl_cv_hardcode_direct=no
acl_cv_hardcode_libdir_flag_spec=
acl_cv_hardcode_libdir_separator=
acl_cv_hardcode_minus_L=no
acl_cv_libext=a
acl_cv_path_LD=/usr/libexec/gcc/i686-apple-darwin10/4.2.1/ld
acl_cv_prog_gnu_ld=no
acl_cv_rpath=done
acl_cv_shlibext=dylib
acl_cv_wl=-Wl,
am_cv_CC_dependencies_compiler_type=gcc3
am_cv_CXX_dependencies_compiler_type=gcc3
am_cv_func_iconv=yes
am_cv_lib_iconv=yes
am_cv_proto_iconv='extern size_t iconv (iconv_t cd, char * *inbuf, size_t *inbytesleft, char * *outbuf, size_t *outbytesleft);'
am_cv_proto_iconv_arg1=
gnupg_cv_have_broken_mlock=no
gnupg_cv_typedef_byte=no
gnupg_cv_typedef_ulong=no
inetutils_cv_includedir_ncurses=none
kde_cv_prog_cxx_fexceptions=yes

## ----------------- ##
## Output variables. ##
## ----------------- ##

ACLOCAL='${SHELL} /Developer/projects/GPGPinentry/pinentry-0.8.0/missing --run aclocal-1.11'
AMDEPBACKSLASH='\'
AMDEP_FALSE='#'
AMDEP_TRUE=''
AMTAR='${SHELL} /Developer/projects/GPGPinentry/pinentry-0.8.0/missing --run tar'
AUTOCONF='${SHELL} /Developer/projects/GPGPinentry/pinentry-0.8.0/missing --run autoconf'
AUTOHEADER='${SHELL} /Developer/projects/GPGPinentry/pinentry-0.8.0/missing --run autoheader'
AUTOMAKE='${SHELL} /Developer/projects/GPGPinentry/pinentry-0.8.0/missing --run automake-1.11'
AWK='awk'
BUILD_LIBPINENTRY_CURSES_FALSE='#'
BUILD_LIBPINENTRY_CURSES_TRUE=''
BUILD_PINENTRY_CURSES_FALSE='#'
BUILD_PINENTRY_CURSES_TRUE=''
BUILD_PINENTRY_GTK_2_FALSE=''
BUILD_PINENTRY_GTK_2_TRUE='#'
BUILD_PINENTRY_GTK_FALSE=''
BUILD_PINENTRY_GTK_TRUE='#'
BUILD_PINENTRY_QT4_FALSE=''
BUILD_PINENTRY_QT4_TRUE='#'
BUILD_PINENTRY_QT_FALSE=''
BUILD_PINENTRY_QT_TRUE='#'
BUILD_PINENTRY_W32_FALSE=''
BUILD_PINENTRY_W32_TRUE='#'
CC='gcc'
CCDEPMODE='depmode=gcc3'
CFLAGS='-g -O2 -Wall -Wcast-align -Wshadow -Wstrict-prototypes -Wno-pointer-sign'
CPP='gcc -E'
CPPFLAGS=' -Wall'
CXX='g++'
CXXCPP='g++ -E'
CXXDEPMODE='depmode=gcc3'
CXXFLAGS='-g -O2'
CYGPATH_W='echo'
DEFS='-DHAVE_CONFIG_H'
DEPDIR='.deps'
ECHO_C='\c'
ECHO_N=''
ECHO_T=''
EGREP='/usr/bin/grep -E'
EXEEXT=''
FALLBACK_CURSES_FALSE='#'
FALLBACK_CURSES_TRUE=''
GLIB_CFLAGS=''
GLIB_CONFIG='no'
GLIB_LIBS=''
GREP='/usr/bin/grep'
GTK2CFLAGS=''
GTK2LIBS=''
GTK_CFLAGS=''
GTK_CONFIG=''
GTK_LIBS=''
HAVE_DOSISH_SYSTEM_FALSE=''
HAVE_DOSISH_SYSTEM_TRUE='#'
HAVE_W32_SYSTEM_FALSE=''
HAVE_W32_SYSTEM_TRUE='#'
INSTALL_DATA='${INSTALL} -m 644'
INSTALL_PROGRAM='${INSTALL}'
INSTALL_SCRIPT='${INSTALL}'
INSTALL_STRIP_PROGRAM='$(install_sh) -c -s'
LDFLAGS=''
LIBCAP=''
LIBCURSES='-lncurses'
LIBICONV='-liconv'
LIBNCURSES='-lncurses'
LIBOBJS=''
LIBPTHREAD='-lpthread'
LIBS=''
LIBTERMCAP='-lncurses'
LIB_QPE=''
LN_S='ln -s'
LTLIBICONV='-liconv'
LTLIBOBJS=''
MAINT='#'
MAINTAINER_MODE_FALSE=''
MAINTAINER_MODE_TRUE='#'
MAKEINFO='${SHELL} /Developer/projects/GPGPinentry/pinentry-0.8.0/missing --run makeinfo'
MKDIR_P='./install-sh -c -d'
MOC='no'
NCURSES_INCLUDE=''
OBJEXT='o'
PACKAGE='pinentry'
PACKAGE_BUGREPORT='gnupg-devel@gnupg.org'
PACKAGE_NAME='pinentry'
PACKAGE_STRING='pinentry 0.8.0'
PACKAGE_TARNAME='pinentry'
PACKAGE_URL=''
PACKAGE_VERSION='0.8.0'
PATH_SEPARATOR=':'
PINENTRY_DEFAULT='pinentry-curses'
PKG_CONFIG=''
QT4_CORE_CFLAGS=''
QT4_CORE_LIBS=''
QT4_GUI_CFLAGS=''
QT4_GUI_LIBS=''
QTE_NORTTI=''
QT_CXXFLAGS=' -DQT_THREAD_SUPPORT '
QT_INCLUDES=''
QT_LDFLAGS=' -L/usr/X11/lib'
QT_LIBS='-lqt-mt  -lSM -lICE -lXext -lX11  -lpthread'
QT_MT_LDFLAGS=''
QT_MT_LIBS='-lpthread'
QT_RPATH=' -Wl,--rpath -Wl,$(x_libraries)'
RANLIB='ranlib'
SETCAP=':'
SET_MAKE=''
SHELL='/bin/sh'
STRIP=''
USE_THREADS=''
VERSION='0.8.0'
WINDRES=':'
XMKMF=''
X_CFLAGS=''
X_EXTRA_LIBS=''
X_LIBS=' -L/usr/X11/lib'
X_PRE_LIBS=' -lSM -lICE'
ac_ct_CC='gcc'
ac_ct_CXX='g++'
am__EXEEXT_FALSE=''
am__EXEEXT_TRUE='#'
am__fastdepCC_FALSE='#'
am__fastdepCC_TRUE=''
am__fastdepCXX_FALSE='#'
am__fastdepCXX_TRUE=''
am__include='include'
am__isrc=''
am__leading_dot='.'
am__quote=''
am__tar='${AMTAR} chof - "$$tardir"'
am__untar='${AMTAR} xf -'
bindir='${exec_prefix}/bin'
build='i386-apple-darwin10.4.0'
build_alias=''
build_cpu='i386'
build_os='darwin10.4.0'
build_vendor='apple'
datadir='${datarootdir}'
datarootdir='${prefix}/share'
docdir='${datarootdir}/doc/${PACKAGE_TARNAME}'
dvidir='${docdir}'
exec_prefix='${prefix}'
host='i386-apple-darwin10.4.0'
host_alias=''
host_cpu='i386'
host_os='darwin10.4.0'
host_vendor='apple'
htmldir='${docdir}'
includedir='${prefix}/include'
infodir='${datarootdir}/info'
install_sh='${SHELL} /Developer/projects/GPGPinentry/pinentry-0.8.0/install-sh'
libdir='${exec_prefix}/lib'
libexecdir='${exec_prefix}/libexec'
localedir='${datarootdir}/locale'
localstatedir='${prefix}/var'
mandir='${datarootdir}/man'
mkdir_p='$(top_builddir)/./install-sh -c -d'
oldincludedir='/usr/include'
pdfdir='${docdir}'
prefix='/usr/local'
program_transform_name='s,x,x,'
psdir='${docdir}'
qt_includes=''
qt_libraries=''
sbindir='${exec_prefix}/sbin'
sharedstatedir='${prefix}/com'
sysconfdir='${prefix}/etc'
target_alias=''
x_libraries='/usr/X11/lib'

## ----------- ##
## confdefs.h. ##
## ----------- ##

/* confdefs.h */
#define PACKAGE_NAME "pinentry"
#define PACKAGE_TARNAME "pinentry"
#define PACKAGE_VERSION "0.8.0"
#define PACKAGE_STRING "pinentry 0.8.0"
#define PACKAGE_BUGREPORT "gnupg-devel@gnupg.org"
#define PACKAGE_URL ""
#define PACKAGE "pinentry"
#define VERSION "0.8.0"
#define STDC_HEADERS 1
#define HAVE_SYS_TYPES_H 1
#define HAVE_SYS_STAT_H 1
#define HAVE_STDLIB_H 1
#define HAVE_STRING_H 1
#define HAVE_MEMORY_H 1
#define HAVE_STRINGS_H 1
#define HAVE_INTTYPES_H 1
#define HAVE_STDINT_H 1
#define HAVE_UNISTD_H 1
#define __EXTENSIONS__ 1
#define _ALL_SOURCE 1
#define _GNU_SOURCE 1
#define _POSIX_PTHREAD_SEMANTICS 1
#define _TANDEM_SOURCE 1
#define STDC_HEADERS 1
#define HAVE_STRING_H 1
#define HAVE_UNISTD_H 1
#define HAVE_LANGINFO_H 1
#define HAVE_LOCALE_H 1
#define HAVE_UTIME_H 1
#define HAVE_SETEUID 1
#define HAVE_STPCPY 1
#define HAVE_MMAP 1
#define HAVE_MLOCK 1
#define FALLBACK_CURSES 1
#define PINENTRY_CURSES 1
#define HAVE_ICONV 1
#define ICONV_CONST 
#define HAVE_LIBPTHREAD 1

configure: exit 0
